e:\ptam_unity\trunk\renderingpluginexample52\renderingplugin\visualstudio2013\x64\release\shitomasi.obj
e:\ptam_unity\trunk\renderingpluginexample52\renderingplugin\visualstudio2013\x64\release\relocaliser.obj
e:\ptam_unity\trunk\renderingpluginexample52\renderingplugin\visualstudio2013\x64\release\ptam_ar_dll.obj
e:\ptam_unity\trunk\renderingpluginexample52\renderingplugin\visualstudio2013\x64\release\patchfinder.obj
e:\ptam_unity\trunk\renderingpluginexample52\renderingplugin\visualstudio2013\x64\release\minipatch.obj
e:\ptam_unity\trunk\renderingpluginexample52\renderingplugin\visualstudio2013\x64\release\mapviewer.obj
e:\ptam_unity\trunk\renderingpluginexample52\renderingplugin\visualstudio2013\x64\release\mappoint.obj
e:\ptam_unity\trunk\renderingpluginexample52\renderingplugin\visualstudio2013\x64\release\mapmaker.obj
e:\ptam_unity\trunk\renderingpluginexample52\renderingplugin\visualstudio2013\x64\release\map.obj
e:\ptam_unity\trunk\renderingpluginexample52\renderingplugin\visualstudio2013\x64\release\keyframe.obj
e:\ptam_unity\trunk\renderingpluginexample52\renderingplugin\visualstudio2013\x64\release\homographyinit.obj
e:\ptam_unity\trunk\renderingpluginexample52\renderingplugin\visualstudio2013\x64\release\glwindowmenu.obj
e:\ptam_unity\trunk\renderingpluginexample52\renderingplugin\visualstudio2013\x64\release\glwindow2.obj
e:\ptam_unity\trunk\renderingpluginexample52\renderingplugin\visualstudio2013\x64\release\eyegame.obj
e:\ptam_unity\trunk\renderingpluginexample52\renderingplugin\visualstudio2013\x64\release\cameraparameters.obj
e:\ptam_unity\trunk\renderingpluginexample52\renderingplugin\visualstudio2013\x64\release\calibimage.obj
e:\ptam_unity\trunk\renderingpluginexample52\renderingplugin\visualstudio2013\x64\release\calibcornerpatch.obj
e:\ptam_unity\trunk\renderingpluginexample52\renderingplugin\visualstudio2013\x64\release\bundle.obj
e:\ptam_unity\trunk\renderingpluginexample52\renderingplugin\visualstudio2013\x64\release\atancamera.obj
e:\ptam_unity\trunk\renderingpluginexample52\renderingplugin\visualstudio2013\x64\release\ardriver.obj
e:\ptam_unity\trunk\renderingpluginexample52\renderingplugin\visualstudio2013\x64\release\videocap.obj
e:\ptam_unity\trunk\renderingpluginexample52\renderingplugin\visualstudio2013\x64\release\slam_ar.obj
e:\ptam_unity\trunk\renderingpluginexample52\renderingplugin\visualstudio2013\x64\release\renderingplugin.obj
e:\ptam_unity\trunk\renderingpluginexample52\renderingplugin\visualstudio2013\x64\release\tracker.obj
e:\ptam_unity\trunk\renderingpluginexample52\renderingplugin\visualstudio2013\x64\release\smallblurryimage.obj
e:\ptam_unity\trunk\renderingpluginexample52\renderingplugin\visualstudio2013\x64\release\vc110.pdb
e:\ptam_unity\trunk\renderingpluginexample52\renderingplugin\visualstudio2013\x64\release\simplepixelshader.cso
e:\ptam_unity\trunk\renderingpluginexample52\renderingplugin\visualstudio2013\x64\release\simplevertexshader.cso
e:\ptam_unity\trunk\renderingpluginexample52\renderingplugin\visualstudio2013\x64\release\renderingplugin.dll
e:\ptam_unity\trunk\renderingpluginexample52\renderingplugin\visualstudio2013\x64\release\renderingplugin.pdb
e:\ptam_unity\trunk\renderingpluginexample52\renderingplugin\visualstudio2013\x64\release\renderingplugin.lib
e:\ptam_unity\trunk\renderingpluginexample52\renderingplugin\visualstudio2013\x64\release\renderingplugin.exp
e:\ptam_unity\trunk\renderingpluginexample52\renderingplugin\visualstudio2013\x64\release\cl.command.1.tlog
e:\ptam_unity\trunk\renderingpluginexample52\renderingplugin\visualstudio2013\x64\release\cl.read.1.tlog
e:\ptam_unity\trunk\renderingpluginexample52\renderingplugin\visualstudio2013\x64\release\cl.write.1.tlog
e:\ptam_unity\trunk\renderingpluginexample52\renderingplugin\visualstudio2013\x64\release\fxc.command.1.tlog
e:\ptam_unity\trunk\renderingpluginexample52\renderingplugin\visualstudio2013\x64\release\fxc.read.1.tlog
e:\ptam_unity\trunk\renderingpluginexample52\renderingplugin\visualstudio2013\x64\release\fxc.write.1.tlog
e:\ptam_unity\trunk\renderingpluginexample52\renderingplugin\visualstudio2013\x64\release\link-cvtres.read.1.tlog
e:\ptam_unity\trunk\renderingpluginexample52\renderingplugin\visualstudio2013\x64\release\link-cvtres.write.1.tlog
e:\ptam_unity\trunk\renderingpluginexample52\renderingplugin\visualstudio2013\x64\release\link-rc.read.1.tlog
e:\ptam_unity\trunk\renderingpluginexample52\renderingplugin\visualstudio2013\x64\release\link-rc.write.1.tlog
e:\ptam_unity\trunk\renderingpluginexample52\renderingplugin\visualstudio2013\x64\release\link.command.1.tlog
e:\ptam_unity\trunk\renderingpluginexample52\renderingplugin\visualstudio2013\x64\release\link.read.1.tlog
e:\ptam_unity\trunk\renderingpluginexample52\renderingplugin\visualstudio2013\x64\release\link.read.2.tlog
e:\ptam_unity\trunk\renderingpluginexample52\renderingplugin\visualstudio2013\x64\release\link.read.3.tlog
e:\ptam_unity\trunk\renderingpluginexample52\renderingplugin\visualstudio2013\x64\release\link.write.1.tlog
e:\ptam_unity\trunk\renderingpluginexample52\renderingplugin\visualstudio2013\x64\release\renderingplugin.write.1.tlog
